2025-04-11 09:59:43.075 [HikariPool-1 housekeeper] WARN  [] com.zaxxer.hikari.pool.HikariPool - HikariPool-1 - Thread starvation or clock leap detected (housekeeper delta=16h8m59s885ms949µs200ns).
2025-04-11 10:06:49.740 [http-nio-8082-exec-1] INFO  [896b1a4a-7e65-4d0d-a196-2ff9e423d2a3] c.c.c.c.a.controller.AuthController - Login request received for user: johndoe
2025-04-11 10:06:50.000 [http-nio-8082-exec-1] INFO  [896b1a4a-7e65-4d0d-a196-2ff9e423d2a3] c.c.c.core.auth.service.AuthService - Tokens generated for user: johndoe
2025-04-11 10:06:50.000 [http-nio-8082-exec-1] INFO  [896b1a4a-7e65-4d0d-a196-2ff9e423d2a3] c.c.c.c.a.controller.AuthController - Login successful for user: johndoe
2025-04-11 10:07:54.539 [http-nio-8082-exec-3] INFO  [3069378f-c8f4-472a-89ca-6b05612da6ad] c.c.c.c.a.controller.AuthController - Login request received for user: johndoe
2025-04-11 10:07:54.733 [http-nio-8082-exec-3] INFO  [3069378f-c8f4-472a-89ca-6b05612da6ad] c.c.c.core.auth.service.AuthService - Tokens generated for user: johndoe
2025-04-11 10:07:54.733 [http-nio-8082-exec-3] INFO  [3069378f-c8f4-472a-89ca-6b05612da6ad] c.c.c.c.a.controller.AuthController - Login successful for user: johndoe
2025-04-11 10:24:35.336 [http-nio-8082-exec-9] INFO  [4b669c6f-4d64-41a9-b3ae-2501335b08e1] c.c.c.c.a.controller.AuthController - Login request received for user: johndoe
2025-04-11 10:24:35.418 [http-nio-8082-exec-9] INFO  [4b669c6f-4d64-41a9-b3ae-2501335b08e1] c.c.c.core.auth.service.AuthService - Tokens generated for user: johndoe
2025-04-11 10:24:35.418 [http-nio-8082-exec-9] INFO  [4b669c6f-4d64-41a9-b3ae-2501335b08e1] c.c.c.c.a.controller.AuthController - Login successful for user: johndoe
2025-04-11 10:25:20.039 [SpringApplicationShutdownHook] INFO  [] o.s.b.w.e.tomcat.GracefulShutdown - Commencing graceful shutdown. Waiting for active requests to complete
2025-04-11 10:25:20.110 [tomcat-shutdown] INFO  [] o.s.b.w.e.tomcat.GracefulShutdown - Graceful shutdown complete
2025-04-11 10:25:20.125 [SpringApplicationShutdownHook] INFO  [] o.s.o.j.LocalContainerEntityManagerFactoryBean - Closing JPA EntityManagerFactory for persistence unit 'default'
2025-04-11 10:25:20.141 [SpringApplicationShutdownHook] INFO  [] com.zaxxer.hikari.HikariDataSource - HikariPool-1 - Shutdown initiated...
2025-04-11 10:25:20.155 [SpringApplicationShutdownHook] INFO  [] com.zaxxer.hikari.HikariDataSource - HikariPool-1 - Shutdown completed.
2025-04-11 10:44:24.312 [background-preinit] INFO  [] o.h.validator.internal.util.Version - HV000001: Hibernate Validator 8.0.2.Final
2025-04-11 10:44:24.387 [main] INFO  [] c.c.cliniciq.CliniciqApplication - Starting CliniciqApplication using Java 17.0.12 with PID 18568 (C:\Github Codebase\Clinic-IQ\backend\target\classes started by Abhishek in C:\Github Codebase\Clinic-IQ\backend)
2025-04-11 10:44:24.388 [main] INFO  [] c.c.cliniciq.CliniciqApplication - The following 1 profile is active: "local"
2025-04-11 10:44:25.738 [main] INFO  [] o.s.d.r.c.RepositoryConfigurationDelegate - Bootstrapping Spring Data JPA repositories in DEFAULT mode.
2025-04-11 10:44:25.868 [main] INFO  [] o.s.d.r.c.RepositoryConfigurationDelegate - Finished Spring Data repository scanning in 117 ms. Found 5 JPA repository interfaces.
2025-04-11 10:44:27.037 [main] INFO  [] o.s.b.w.e.tomcat.TomcatWebServer - Tomcat initialized with port 8082 (http)
2025-04-11 10:44:27.052 [main] INFO  [] o.a.coyote.http11.Http11NioProtocol - Initializing ProtocolHandler ["http-nio-8082"]
2025-04-11 10:44:27.054 [main] INFO  [] o.a.catalina.core.StandardService - Starting service [Tomcat]
2025-04-11 10:44:27.055 [main] INFO  [] o.a.catalina.core.StandardEngine - Starting Servlet engine: [Apache Tomcat/10.1.39]
2025-04-11 10:44:27.141 [main] INFO  [] o.a.c.c.C.[Tomcat].[localhost].[/] - Initializing Spring embedded WebApplicationContext
2025-04-11 10:44:27.142 [main] INFO  [] o.s.b.w.s.c.ServletWebServerApplicationContext - Root WebApplicationContext: initialization completed in 2699 ms
2025-04-11 10:44:27.569 [main] INFO  [] com.zaxxer.hikari.HikariDataSource - HikariPool-1 - Starting...
2025-04-11 10:44:28.081 [main] INFO  [] com.zaxxer.hikari.pool.HikariPool - HikariPool-1 - Added connection com.mysql.cj.jdbc.ConnectionImpl@2e1291a4
2025-04-11 10:44:28.085 [main] INFO  [] com.zaxxer.hikari.HikariDataSource - HikariPool-1 - Start completed.
2025-04-11 10:44:29.023 [main] INFO  [] liquibase.changelog - Reading from cliniciq.databasechangelog
2025-04-11 10:44:29.077 [main] INFO  [] liquibase.ui - Database is up to date, no changesets to execute
2025-04-11 10:44:29.081 [main] INFO  [] liquibase.changelog - Reading from cliniciq.databasechangelog
2025-04-11 10:44:29.093 [main] INFO  [] liquibase.util - UPDATE SUMMARY
2025-04-11 10:44:29.093 [main] INFO  [] liquibase.util - Run:                          0
2025-04-11 10:44:29.093 [main] INFO  [] liquibase.util - Previously run:               2
2025-04-11 10:44:29.093 [main] INFO  [] liquibase.util - Filtered out:                 0
2025-04-11 10:44:29.093 [main] INFO  [] liquibase.util - -------------------------------
2025-04-11 10:44:29.093 [main] INFO  [] liquibase.util - Total change sets:            2
2025-04-11 10:44:29.094 [main] INFO  [] liquibase.util - Update summary generated
2025-04-11 10:44:29.095 [main] INFO  [] liquibase.command - Command execution complete
2025-04-11 10:44:29.252 [main] INFO  [] o.h.jpa.internal.util.LogHelper - HHH000204: Processing PersistenceUnitInfo [name: default]
2025-04-11 10:44:29.368 [main] INFO  [] org.hibernate.Version - HHH000412: Hibernate ORM core version 6.6.11.Final
2025-04-11 10:44:29.420 [main] INFO  [] o.h.c.i.RegionFactoryInitiator - HHH000026: Second-level cache disabled
2025-04-11 10:44:29.779 [main] INFO  [] o.s.o.j.p.SpringPersistenceUnitInfo - No LoadTimeWeaver setup: ignoring JPA class transformer
2025-04-11 10:44:29.886 [main] INFO  [] o.hibernate.orm.connections.pooling - HHH10001005: Database info:
	Database JDBC URL [Connecting through datasource 'HikariDataSource (HikariPool-1)']
	Database driver: undefined/unknown
	Database version: 8.4.3
	Autocommit mode: undefined/unknown
	Isolation level: undefined/unknown
	Minimum pool size: undefined/unknown
	Maximum pool size: undefined/unknown
2025-04-11 10:44:31.271 [main] INFO  [] o.h.e.t.j.p.i.JtaPlatformInitiator - HHH000489: No JTA platform available (set 'hibernate.transaction.jta.platform' to enable JTA platform integration)
2025-04-11 10:44:31.275 [main] INFO  [] o.s.o.j.LocalContainerEntityManagerFactoryBean - Initialized JPA EntityManagerFactory for persistence unit 'default'
2025-04-11 10:44:31.859 [main] INFO  [] o.s.s.c.a.a.c.InitializeUserDetailsBeanManagerConfigurer$InitializeUserDetailsManagerConfigurer - Global AuthenticationManager configured with UserDetailsService bean with name customUserDetailsService
2025-04-11 10:44:32.111 [main] WARN  [] o.s.b.a.o.j.JpaBaseConfiguration$JpaWebConfiguration - spring.jpa.open-in-view is enabled by default. Therefore, database queries may be performed during view rendering. Explicitly configure spring.jpa.open-in-view to disable this warning
2025-04-11 10:44:32.639 [main] INFO  [] o.s.b.a.e.web.EndpointLinksResolver - Exposing 1 endpoint beneath base path '/actuator'
2025-04-11 10:44:33.333 [main] INFO  [] o.a.coyote.http11.Http11NioProtocol - Starting ProtocolHandler ["http-nio-8082"]
2025-04-11 10:44:33.365 [main] INFO  [] o.s.b.w.e.tomcat.TomcatWebServer - Tomcat started on port 8082 (http) with context path '/'
2025-04-11 10:44:33.380 [main] INFO  [] c.c.cliniciq.CliniciqApplication - Started CliniciqApplication in 9.804 seconds (process running for 10.355)
2025-04-11 10:44:36.092 [http-nio-8082-exec-2] INFO  [] o.a.c.c.C.[Tomcat].[localhost].[/] - Initializing Spring DispatcherServlet 'dispatcherServlet'
2025-04-11 10:44:36.092 [http-nio-8082-exec-2] INFO  [] o.s.web.servlet.DispatcherServlet - Initializing Servlet 'dispatcherServlet'
2025-04-11 10:44:36.094 [http-nio-8082-exec-2] INFO  [] o.s.web.servlet.DispatcherServlet - Completed initialization in 2 ms
2025-04-11 10:44:36.308 [http-nio-8082-exec-2] INFO  [2369510f-14cb-4f63-a8d2-acda22ac9755] c.c.c.c.a.controller.AuthController - Login request received for user: johndoe
2025-04-11 10:44:36.753 [http-nio-8082-exec-2] INFO  [2369510f-14cb-4f63-a8d2-acda22ac9755] c.c.c.core.auth.service.AuthService - Tokens generated for user: johndoe
2025-04-11 10:44:36.755 [http-nio-8082-exec-2] INFO  [2369510f-14cb-4f63-a8d2-acda22ac9755] c.c.c.c.a.controller.AuthController - Login successful for user: johndoe
2025-04-11 10:45:01.486 [http-nio-8082-exec-5] INFO  [b0dd24fd-c8a8-45a6-b907-d352749c5943] c.c.c.c.a.controller.AuthController - Login request received for user: johndoe
2025-04-11 10:45:01.663 [http-nio-8082-exec-5] INFO  [b0dd24fd-c8a8-45a6-b907-d352749c5943] c.c.c.core.auth.service.AuthService - Tokens generated for user: johndoe
2025-04-11 10:45:01.663 [http-nio-8082-exec-5] INFO  [b0dd24fd-c8a8-45a6-b907-d352749c5943] c.c.c.c.a.controller.AuthController - Login successful for user: johndoe
2025-04-11 10:45:38.998 [http-nio-8082-exec-3] INFO  [da1d7a80-62b2-416e-89d2-16f22e78e1db] c.c.c.c.u.controller.UserController - Fetching all users
2025-04-11 11:08:52.939 [http-nio-8082-exec-9] INFO  [ce3ba0fa-37c1-45c0-8acc-6509f2d21ddf] c.c.c.c.a.controller.AuthController - Login request received for user: johndoe
2025-04-11 11:08:53.154 [http-nio-8082-exec-9] INFO  [ce3ba0fa-37c1-45c0-8acc-6509f2d21ddf] c.c.c.core.auth.service.AuthService - Tokens generated for user: johndoe
2025-04-11 11:08:53.155 [http-nio-8082-exec-9] INFO  [ce3ba0fa-37c1-45c0-8acc-6509f2d21ddf] c.c.c.c.a.controller.AuthController - Login successful for user: johndoe
2025-04-11 11:35:06.397 [http-nio-8082-exec-8] INFO  [b154e813-30ee-4136-831b-2f682c71e56f] c.c.c.c.a.controller.AuthController - Login request received for user: johndoe
2025-04-11 11:35:06.584 [http-nio-8082-exec-8] INFO  [b154e813-30ee-4136-831b-2f682c71e56f] c.c.c.core.auth.service.AuthService - Tokens generated for user: johndoe
2025-04-11 11:35:06.584 [http-nio-8082-exec-8] INFO  [b154e813-30ee-4136-831b-2f682c71e56f] c.c.c.c.a.controller.AuthController - Login successful for user: johndoe
2025-04-11 11:56:54.047 [http-nio-8082-exec-2] INFO  [694142a2-0e74-47fb-a421-f55cb5bba4bc] c.c.c.c.a.controller.AuthController - Login request received for user: johndoe
2025-04-11 11:56:54.252 [http-nio-8082-exec-2] INFO  [694142a2-0e74-47fb-a421-f55cb5bba4bc] c.c.c.core.auth.service.AuthService - Tokens generated for user: johndoe
2025-04-11 11:56:54.252 [http-nio-8082-exec-2] INFO  [694142a2-0e74-47fb-a421-f55cb5bba4bc] c.c.c.c.a.controller.AuthController - Login successful for user: johndoe
